bleach==5.0.1
  - six [required: >=1.9.0, installed: 1.16.0]
  - webencodings [required: Any, installed: 0.5.1]
cookiecutter==2.1.1
  - binaryornot [required: >=0.4.4, installed: 0.4.4]
    - chardet [required: >=3.0.2, installed: 5.0.0]
  - click [required: >=7.0,<9.0.0, installed: 8.1.3]
  - Jinja2 [required: >=2.7,<4.0.0, installed: 3.1.2]
    - MarkupSafe [required: >=2.0, installed: 2.1.1]
  - jinja2-time [required: >=0.2.0, installed: 0.2.0]
    - arrow [required: Any, installed: 0.15.8]
      - python-dateutil [required: Any, installed: 2.2]
        - six [required: Any, installed: 1.16.0]
    - jinja2 [required: Any, installed: 3.1.2]
      - MarkupSafe [required: >=2.0, installed: 2.1.1]
  - python-slugify [required: >=4.0.0, installed: 6.1.2]
    - text-unidecode [required: >=1.3, installed: 1.3]
  - pyyaml [required: >=5.3.1, installed: 6.0]
  - requests [required: >=2.23.0, installed: 2.28.1]
    - certifi [required: >=2017.4.17, installed: 2022.6.15.1]
    - charset-normalizer [required: >=2,<3, installed: 2.1.1]
    - idna [required: >=2.5,<4, installed: 3.3]
    - urllib3 [required: >=1.21.1,<1.27, installed: 1.26.12]
locket==0.1.1
pip==22.2.2
pipdeptree==2.3.1
pyramid==2.0
  - hupper [required: >=1.5, installed: 1.10.3]
  - plaster [required: Any, installed: 1.0]
    - setuptools [required: Any, installed: 60.10.0]
  - plaster-pastedeploy [required: Any, installed: 0.7]
    - PasteDeploy [required: >=2.0, installed: 2.1.1]
      - setuptools [required: Any, installed: 60.10.0]
    - plaster [required: >=0.5, installed: 1.0]
      - setuptools [required: Any, installed: 60.10.0]
  - setuptools [required: Any, installed: 60.10.0]
  - translationstring [required: >=0.4, installed: 1.4]
  - venusian [required: >=1.0, installed: 3.0.0]
  - webob [required: >=1.8.3, installed: 1.8.7]
  - zope.deprecation [required: >=3.5.0, installed: 4.4.0]
    - setuptools [required: Any, installed: 60.10.0]
  - zope.interface [required: >=3.8.0, installed: 5.4.0]
    - setuptools [required: Any, installed: 60.10.0]
python-jwt==3.3.0
  - jwcrypto [required: >=0.8, installed: 0.9.1]
    - cryptography [required: >=2.3, installed: 38.0.1]
      - cffi [required: >=1.12, installed: 1.15.1]
        - pycparser [required: Any, installed: 2.21]
    - deprecated [required: Any, installed: 1.2.13]
      - wrapt [required: >=1.10,<2, installed: 1.14.1]
    - six [required: Any, installed: 1.16.0]
